<?xml version="1.0" encoding="UTF-8"?>
<testng-results skipped="0" failed="0" ignored="0" total="2" passed="2">
  <reporter-output>
  </reporter-output>
  <suite name="Suite" duration-ms="21068" started-at="2020-03-10T15:31:23Z" finished-at="2020-03-10T15:31:44Z">
    <groups>
    </groups>
    <test name="Test" duration-ms="21068" started-at="2020-03-10T15:31:23Z" finished-at="2020-03-10T15:31:44Z">
      <class name="com.HMS.TestCases.HMSTestCases">
        <test-method status="PASS" signature="GeneratingReportLogs(java.lang.String, java.lang.String, java.lang.String, java.lang.String, java.lang.String)[pri:0, instance:com.HMS.TestCases.HMSTestCases@64bf3bbf]" name="GeneratingReportLogs" is-config="true" duration-ms="13504" started-at="2020-03-10T15:31:23Z" finished-at="2020-03-10T15:31:37Z">
          <params>
            <param index="0">
              <value>
                <![CDATA[Regression Report]]>
              </value>
            </param>
            <param index="1">
              <value>
                <![CDATA[Test Project]]>
              </value>
            </param>
            <param index="2">
              <value>
                <![CDATA[RC1.0.13]]>
              </value>
            </param>
            <param index="3">
              <value>
                <![CDATA[chrome]]>
              </value>
            </param>
            <param index="4">
              <value>
                <![CDATA[qa]]>
              </value>
            </param>
          </params>
          <reporter-output>
          </reporter-output>
        </test-method> <!-- GeneratingReportLogs -->
        <test-method status="PASS" signature="HMSLogin()[pri:1, instance:com.HMS.TestCases.HMSTestCases@64bf3bbf]" name="HMSLogin" duration-ms="2403" started-at="2020-03-10T15:31:37Z" finished-at="2020-03-10T15:31:39Z">
          <reporter-output>
          </reporter-output>
        </test-method> <!-- HMSLogin -->
        <test-method status="PASS" signature="getResult(org.testng.ITestResult)[pri:0, instance:com.HMS.TestCases.HMSTestCases@64bf3bbf]" name="getResult" is-config="true" duration-ms="508" started-at="2020-03-10T15:31:39Z" finished-at="2020-03-10T15:31:40Z">
          <params>
            <param index="0">
              <value>
                <![CDATA[[TestResult name=HMSLogin status=SUCCESS method=HMSTestCases.HMSLogin()[pri:1, instance:com.HMS.TestCases.HMSTestCases@64bf3bbf] output={null}]]]>
              </value>
            </param>
          </params>
          <reporter-output>
          </reporter-output>
        </test-method> <!-- getResult -->
        <test-method status="PASS" signature="HMSLogout()[pri:2, instance:com.HMS.TestCases.HMSTestCases@64bf3bbf]" name="HMSLogout" duration-ms="443" started-at="2020-03-10T15:31:40Z" finished-at="2020-03-10T15:31:40Z">
          <reporter-output>
          </reporter-output>
        </test-method> <!-- HMSLogout -->
        <test-method status="PASS" signature="getResult(org.testng.ITestResult)[pri:0, instance:com.HMS.TestCases.HMSTestCases@64bf3bbf]" name="getResult" is-config="true" duration-ms="123" started-at="2020-03-10T15:31:40Z" finished-at="2020-03-10T15:31:40Z">
          <params>
            <param index="0">
              <value>
                <![CDATA[[TestResult name=HMSLogout status=SUCCESS method=HMSTestCases.HMSLogout()[pri:2, instance:com.HMS.TestCases.HMSTestCases@64bf3bbf] output={null}]]]>
              </value>
            </param>
          </params>
          <reporter-output>
          </reporter-output>
        </test-method> <!-- getResult -->
        <test-method status="PASS" signature="tearDown()[pri:0, instance:com.HMS.TestCases.HMSTestCases@64bf3bbf]" name="tearDown" is-config="true" duration-ms="4055" started-at="2020-03-10T15:31:40Z" finished-at="2020-03-10T15:31:44Z">
          <reporter-output>
          </reporter-output>
        </test-method> <!-- tearDown -->
      </class> <!-- com.HMS.TestCases.HMSTestCases -->
    </test> <!-- Test -->
  </suite> <!-- Suite -->
</testng-results>
