<?xml version="1.0" encoding="UTF-8"?>
<testng-results skipped="0" failed="0" ignored="0" total="2" passed="2">
  <reporter-output>
  </reporter-output>
  <suite name="Suite" duration-ms="12347" started-at="2020-01-29T19:07:51Z" finished-at="2020-01-29T19:08:04Z">
    <groups>
    </groups>
    <test name="Test" duration-ms="12347" started-at="2020-01-29T19:07:51Z" finished-at="2020-01-29T19:08:04Z">
      <class name="com.HMS.TestCases.HMSTestCases">
        <test-method status="PASS" signature="GeneratingReportLogs(java.lang.String, java.lang.String, java.lang.String, java.lang.String, java.lang.String)[pri:0, instance:com.HMS.TestCases.HMSTestCases@27a5f880]" name="GeneratingReportLogs" is-config="true" duration-ms="9940" started-at="2020-01-29T19:07:52Z" finished-at="2020-01-29T19:08:01Z">
          <params>
            <param index="0">
              <value>
                <![CDATA[Regression Report]]>
              </value>
            </param>
            <param index="1">
              <value>
                <![CDATA[Test Project]]>
              </value>
            </param>
            <param index="2">
              <value>
                <![CDATA[RC1.0.13]]>
              </value>
            </param>
            <param index="3">
              <value>
                <![CDATA[chrome]]>
              </value>
            </param>
            <param index="4">
              <value>
                <![CDATA[qa]]>
              </value>
            </param>
          </params>
          <reporter-output>
          </reporter-output>
        </test-method> <!-- GeneratingReportLogs -->
        <test-method status="PASS" signature="HMSLogin()[pri:1, instance:com.HMS.TestCases.HMSTestCases@27a5f880]" name="HMSLogin" duration-ms="1373" started-at="2020-01-29T19:08:01Z" finished-at="2020-01-29T19:08:03Z">
          <reporter-output>
          </reporter-output>
        </test-method> <!-- HMSLogin -->
        <test-method status="PASS" signature="getResult(org.testng.ITestResult)[pri:0, instance:com.HMS.TestCases.HMSTestCases@27a5f880]" name="getResult" is-config="true" duration-ms="463" started-at="2020-01-29T19:08:03Z" finished-at="2020-01-29T19:08:03Z">
          <params>
            <param index="0">
              <value>
                <![CDATA[[TestResult name=HMSLogin status=SUCCESS method=HMSTestCases.HMSLogin()[pri:1, instance:com.HMS.TestCases.HMSTestCases@27a5f880] output={null}]]]>
              </value>
            </param>
          </params>
          <reporter-output>
          </reporter-output>
        </test-method> <!-- getResult -->
        <test-method status="PASS" signature="HMSLogout()[pri:2, instance:com.HMS.TestCases.HMSTestCases@27a5f880]" name="HMSLogout" duration-ms="324" started-at="2020-01-29T19:08:03Z" finished-at="2020-01-29T19:08:04Z">
          <reporter-output>
          </reporter-output>
        </test-method> <!-- HMSLogout -->
        <test-method status="PASS" signature="getResult(org.testng.ITestResult)[pri:0, instance:com.HMS.TestCases.HMSTestCases@27a5f880]" name="getResult" is-config="true" duration-ms="118" started-at="2020-01-29T19:08:04Z" finished-at="2020-01-29T19:08:04Z">
          <params>
            <param index="0">
              <value>
                <![CDATA[[TestResult name=HMSLogout status=SUCCESS method=HMSTestCases.HMSLogout()[pri:2, instance:com.HMS.TestCases.HMSTestCases@27a5f880] output={null}]]]>
              </value>
            </param>
          </params>
          <reporter-output>
          </reporter-output>
        </test-method> <!-- getResult -->
        <test-method status="PASS" signature="tearDown()[pri:0, instance:com.HMS.TestCases.HMSTestCases@27a5f880]" name="tearDown" is-config="true" duration-ms="92" started-at="2020-01-29T19:08:04Z" finished-at="2020-01-29T19:08:04Z">
          <reporter-output>
          </reporter-output>
        </test-method> <!-- tearDown -->
      </class> <!-- com.HMS.TestCases.HMSTestCases -->
    </test> <!-- Test -->
  </suite> <!-- Suite -->
</testng-results>
